[debug] [2026-07-11T18:14:57.716Z] ----------------------------------------------------------------------
[debug] [2026-07-11T18:14:57.719Z] Command:       C:\Program Files\nodejs\node.exe C:\Users\OMEN\AppData\Roaming\npm\node_modules\firebase-tools\lib\bin\firebase.js projects:addfirebase project-f334c42b-7a03-4194-932 --non-interactive
[debug] [2026-07-11T18:14:57.720Z] CLI Version:   15.15.0
[debug] [2026-07-11T18:14:57.720Z] Platform:      win32
[debug] [2026-07-11T18:14:57.720Z] Node Version:  v24.14.1
[debug] [2026-07-11T18:14:57.720Z] Time:          Sat Jul 11 2026 23:44:57 GMT+0530 (India Standard Time)
[debug] [2026-07-11T18:14:57.720Z] ----------------------------------------------------------------------
[debug] 
[debug] [2026-07-11T18:14:57.723Z] >>> [apiv2][query] GET https://firebase-public.firebaseio.com/cli.json [none]
[debug] [2026-07-11T18:14:57.933Z] > command requires scopes: ["email","openid","https://www.googleapis.com/auth/cloudplatformprojects.readonly","https://www.googleapis.com/auth/firebase","https://www.googleapis.com/auth/cloud-platform"]
[debug] [2026-07-11T18:14:57.933Z] > authorizing via signed-in user (amaank220504@gmail.com)
[debug] [2026-07-11T18:14:57.936Z] Checked if tokens are valid: false, expires at: 1783343063914
[debug] [2026-07-11T18:14:57.936Z] Checked if tokens are valid: false, expires at: 1783343063914
[debug] [2026-07-11T18:14:57.936Z] > refreshing access token with scopes: []
[debug] [2026-07-11T18:14:57.937Z] >>> [apiv2][query] POST https://www.googleapis.com/oauth2/v3/token [none]
[debug] [2026-07-11T18:14:57.937Z] >>> [apiv2][body] POST https://www.googleapis.com/oauth2/v3/token [omitted]
[debug] [2026-07-11T18:14:58.529Z] <<< [apiv2][status] POST https://www.googleapis.com/oauth2/v3/token 200
[debug] [2026-07-11T18:14:58.529Z] <<< [apiv2][body] POST https://www.googleapis.com/oauth2/v3/token [omitted]
[debug] [2026-07-11T18:14:58.544Z] >>> [apiv2][query] POST https://firebase.googleapis.com/v1beta1/projects/project-f334c42b-7a03-4194-932:addFirebase [none]
[debug] [2026-07-11T18:14:58.673Z] <<< [apiv2][status] GET https://firebase-public.firebaseio.com/cli.json 200
[debug] [2026-07-11T18:14:58.674Z] <<< [apiv2][body] GET https://firebase-public.firebaseio.com/cli.json {"cloudBuildErrorAfter":1594252800000,"cloudBuildWarnAfter":1590019200000,"defaultNode10After":1594252800000,"minVersion":"3.0.5","node8DeploysDisabledAfter":1613390400000,"node8RuntimeDisabledAfter":1615809600000,"node8WarnAfter":1600128000000}
[debug] [2026-07-11T18:14:59.452Z] <<< [apiv2][status] POST https://firebase.googleapis.com/v1beta1/projects/project-f334c42b-7a03-4194-932:addFirebase 403
[debug] [2026-07-11T18:14:59.453Z] <<< [apiv2][body] POST https://firebase.googleapis.com/v1beta1/projects/project-f334c42b-7a03-4194-932:addFirebase {"error":{"code":403,"message":"The caller does not have permission","status":"PERMISSION_DENIED"}}
[debug] [2026-07-11T18:14:59.453Z] Request to https://firebase.googleapis.com/v1beta1/projects/project-f334c42b-7a03-4194-932:addFirebase had HTTP Error: 403, The caller does not have permission
[debug] [2026-07-11T18:14:59.655Z] FirebaseError: Request to https://firebase.googleapis.com/v1beta1/projects/project-f334c42b-7a03-4194-932:addFirebase had HTTP Error: 403, The caller does not have permission
    at responseToError (C:\Users\OMEN\AppData\Roaming\npm\node_modules\firebase-tools\lib\responseToError.js:53:12)
    at RetryOperation._fn (C:\Users\OMEN\AppData\Roaming\npm\node_modules\firebase-tools\lib\apiv2.js:333:77)
    at process.processTicksAndRejections (node:internal/process/task_queues:104:5)
[error] 
[error] Error: Failed to add Firebase to Google Cloud Platform project. See firebase-debug.log for more info.
[debug] [2026-07-11T18:15:01.904Z] ----------------------------------------------------------------------
[debug] [2026-07-11T18:15:01.908Z] Command:       C:\Program Files\nodejs\node.exe C:\Users\OMEN\AppData\Roaming\npm\node_modules\firebase-tools\lib\bin\firebase.js deploy --only hosting --project project-f334c42b-7a03-4194-932 --non-interactive
[debug] [2026-07-11T18:15:01.908Z] CLI Version:   15.15.0
[debug] [2026-07-11T18:15:01.908Z] Platform:      win32
[debug] [2026-07-11T18:15:01.908Z] Node Version:  v24.14.1
[debug] [2026-07-11T18:15:01.908Z] Time:          Sat Jul 11 2026 23:45:01 GMT+0530 (India Standard Time)
[debug] [2026-07-11T18:15:01.909Z] ----------------------------------------------------------------------
[debug] 
[debug] [2026-07-11T18:15:06.880Z] > command requires scopes: ["email","openid","https://www.googleapis.com/auth/cloudplatformprojects.readonly","https://www.googleapis.com/auth/firebase","https://www.googleapis.com/auth/cloud-platform"]
[debug] [2026-07-11T18:15:06.880Z] > authorizing via signed-in user (amaank220504@gmail.com)
[debug] [2026-07-11T18:15:06.880Z] [iam] checking project project-f334c42b-7a03-4194-932 for permissions ["firebase.projects.get","firebasehosting.sites.update"]
[debug] [2026-07-11T18:15:06.881Z] Checked if tokens are valid: true, expires at: 1783797297529
[debug] [2026-07-11T18:15:06.881Z] Checked if tokens are valid: true, expires at: 1783797297529
[debug] [2026-07-11T18:15:06.882Z] >>> [apiv2][query] POST https://cloudresourcemanager.googleapis.com/v1/projects/project-f334c42b-7a03-4194-932:testIamPermissions [none]
[debug] [2026-07-11T18:15:06.882Z] >>> [apiv2][(partial)header] POST https://cloudresourcemanager.googleapis.com/v1/projects/project-f334c42b-7a03-4194-932:testIamPermissions  x-goog-user-project=project-f334c42b-7a03-4194-932
[debug] [2026-07-11T18:15:06.882Z] >>> [apiv2][body] POST https://cloudresourcemanager.googleapis.com/v1/projects/project-f334c42b-7a03-4194-932:testIamPermissions {"permissions":["firebase.projects.get","firebasehosting.sites.update"]}
[debug] [2026-07-11T18:15:08.566Z] <<< [apiv2][status] POST https://cloudresourcemanager.googleapis.com/v1/projects/project-f334c42b-7a03-4194-932:testIamPermissions 403
[debug] [2026-07-11T18:15:08.567Z] <<< [apiv2][body] POST https://cloudresourcemanager.googleapis.com/v1/projects/project-f334c42b-7a03-4194-932:testIamPermissions {"error":{"code":403,"message":"Caller does not have required permission to use project project-f334c42b-7a03-4194-932. Grant the caller the roles/serviceusage.serviceUsageConsumer role, or a custom role with the serviceusage.services.use permission, by visiting https://console.developers.google.com/iam-admin/iam?project=project-f334c42b-7a03-4194-932 and then retry. Propagation of the new permission may take a few minutes.","status":"PERMISSION_DENIED","details":[{"@type":"type.googleapis.com/google.rpc.ErrorInfo","reason":"USER_PROJECT_DENIED","domain":"googleapis.com","metadata":{"consoleUrl":"https://console.developers.google.com/iam-admin/iam?project=project-f334c42b-7a03-4194-932","containerInfo":"project-f334c42b-7a03-4194-932","consumer":"projects/project-f334c42b-7a03-4194-932","service":"cloudresourcemanager.googleapis.com"}},{"@type":"type.googleapis.com/google.rpc.LocalizedMessage","locale":"en-US","message":"Caller does not have required permission to use project project-f334c42b-7a03-4194-932. Grant the caller the roles/serviceusage.serviceUsageConsumer role, or a custom role with the serviceusage.services.use permission, by visiting https://console.developers.google.com/iam-admin/iam?project=project-f334c42b-7a03-4194-932 and then retry. Propagation of the new permission may take a few minutes."},{"@type":"type.googleapis.com/google.rpc.Help","links":[{"description":"Google developer console IAM admin","url":"https://console.developers.google.com/iam-admin/iam?project=project-f334c42b-7a03-4194-932"}]}]}}
[debug] [2026-07-11T18:15:08.567Z] [iam] error while checking permissions, command may fail: Request to https://cloudresourcemanager.googleapis.com/v1/projects/project-f334c42b-7a03-4194-932:testIamPermissions had HTTP Error: 403, Caller does not have required permission to use project project-f334c42b-7a03-4194-932. Grant the caller the roles/serviceusage.serviceUsageConsumer role, or a custom role with the serviceusage.services.use permission, by visiting https://console.developers.google.com/iam-admin/iam?project=project-f334c42b-7a03-4194-932 and then retry. Propagation of the new permission may take a few minutes.
[debug] [2026-07-11T18:15:08.568Z] Checked if tokens are valid: true, expires at: 1783797297529
[debug] [2026-07-11T18:15:08.568Z] Checked if tokens are valid: true, expires at: 1783797297529
[debug] [2026-07-11T18:15:08.568Z] >>> [apiv2][query] GET https://firebase.googleapis.com/v1beta1/projects/project-f334c42b-7a03-4194-932 [none]
[debug] [2026-07-11T18:15:09.301Z] <<< [apiv2][status] GET https://firebase.googleapis.com/v1beta1/projects/project-f334c42b-7a03-4194-932 403
[debug] [2026-07-11T18:15:09.301Z] <<< [apiv2][body] GET https://firebase.googleapis.com/v1beta1/projects/project-f334c42b-7a03-4194-932 {"error":{"code":403,"message":"The caller does not have permission","status":"PERMISSION_DENIED"}}
[debug] [2026-07-11T18:15:09.301Z] Request to https://firebase.googleapis.com/v1beta1/projects/project-f334c42b-7a03-4194-932 had HTTP Error: 403, The caller does not have permission
[debug] [2026-07-11T18:15:09.534Z] FirebaseError: Request to https://firebase.googleapis.com/v1beta1/projects/project-f334c42b-7a03-4194-932 had HTTP Error: 403, The caller does not have permission
    at responseToError (C:\Users\OMEN\AppData\Roaming\npm\node_modules\firebase-tools\lib\responseToError.js:53:12)
    at RetryOperation._fn (C:\Users\OMEN\AppData\Roaming\npm\node_modules\firebase-tools\lib\apiv2.js:333:77)
    at process.processTicksAndRejections (node:internal/process/task_queues:104:5)
[error] 
[error] Error: Failed to get Firebase project project-f334c42b-7a03-4194-932. Please make sure the project exists and your account has permission to access it.
